This is METAFONT, Version 2.7182818 (TeX Live 2018) (preloaded base=mf 2023.3.2)  2 APR 2024 11:50
**getProb3.py procPred.py
(getProb3.py
>> import.pandas.as.pd.import.numpy.as.np.import.json
! Isolated expression.
<to be read again> 
                   from
l.4 from
         datetime import datetime, timedelta
? 
! Extra tokens will be flushed.
<to be read again> 
                   from
l.4 from
         datetime import datetime, timedelta
? ^^[[A
Type <return> to proceed, S to scroll future error messages,
R to run without stopping, Q to run quietly,
I to insert something, E to edit your file,
1 or ... or 9 to ignore the next 1 to 9 tokens of input,
H for help, X to quit.
? 
! Interruption.
l.4 from
         datetime import datetime, timedelta
? x

